2023-02-15 15:59:33:5933 [35mhttp[39m: [35m::1 GET /account/login/63ec6fb40f74a1be9ed87a2e 200 360 - 72.251 ms[39m
[35m[39m
2023-02-15 16:03:14:314 [35mhttp[39m: [35m::1 GET /account/login/63ec6fb40f74a1be9ed87a2 500 298 - 35.693 ms[39m
[35m[39m
2023-02-15 19:16:39:1639 [35mhttp[39m: [35m::1 GET /account/login/63ec6fb40f74a1be9ed87a2e 200 360 - 22.581 ms[39m
[35m[39m
2023-02-15 19:17:01:171 [35mhttp[39m: [35m::1 GET /account/login/63ec6fb40f74a1be9ed87a2e 200 360 - 9.594 ms[39m
[35m[39m
2023-02-15 19:18:24:1824 [35mhttp[39m: [35m::1 GET /account/login/63ec6fb40f74a1be9ed87a2e 401 33 - 17.786 ms[39m
[35m[39m
2023-02-15 19:18:28:1828 [35mhttp[39m: [35m::1 GET /account/login/63ec6fb40f74a1be9ed87a2e 401 33 - 4.923 ms[39m
[35m[39m
2023-02-15 19:19:07:197 [35mhttp[39m: [35m::1 GET /account/login/63ec6fb40f74a1be9ed87a2e 200 360 - 26.688 ms[39m
[35m[39m
2023-02-15 20:12:44:1244 [35mhttp[39m: [35m::1 POST /post/ 400 2 - 21.801 ms[39m
[35m[39m
2023-02-15 20:14:04:144 [35mhttp[39m: [35m::1 POST /post/ 400 2 - 18.953 ms[39m
[35m[39m
2023-02-15 20:14:45:1445 [35mhttp[39m: [35m::1 POST /post/ 400 2 - 3.567 ms[39m
[35m[39m
2023-02-15 20:19:13:1913 [35mhttp[39m: [35m::1 POST /post/ 400 2 - 31.837 ms[39m
[35m[39m
2023-02-15 20:23:26:2326 [35mhttp[39m: [35m::1 POST /post/ 201 349 - 40.099 ms[39m
[35m[39m
2023-02-15 20:24:52:2452 [35mhttp[39m: [35m::1 POST /post/ 201 450 - 9.917 ms[39m
[35m[39m
2023-02-15 20:26:04:264 [35mhttp[39m: [35m::1 POST /post/ 201 450 - 49.921 ms[39m
[35m[39m
2023-02-15 20:28:18:2818 [35mhttp[39m: [35m::1 POST /post/ 201 450 - 53.085 ms[39m
[35m[39m
2023-02-15 20:35:29:3529 [35mhttp[39m: [35m::1 POST /post/ 201 450 - 37.074 ms[39m
[35m[39m
2023-02-15 20:43:14:4314 [35mhttp[39m: [35m::1 POST /post/ 201 450 - 93.835 ms[39m
[35m[39m
2023-02-15 20:44:23:4423 [35mhttp[39m: [35m::1 POST /post/ 201 450 - 67.510 ms[39m
[35m[39m
2023-02-15 20:45:22:4522 [35mhttp[39m: [35m::1 POST /post/ 201 450 - 50.015 ms[39m
[35m[39m
2023-02-15 20:46:34:4634 [35mhttp[39m: [35m::1 POST /post/ 201 450 - 42.020 ms[39m
[35m[39m
2023-02-15 20:49:57:4957 [35mhttp[39m: [35m::1 POST /post/ 400 2 - 41.456 ms[39m
[35m[39m
2023-02-15 20:51:37:5137 [35mhttp[39m: [35m::1 POST /post/ 400 2 - 60.563 ms[39m
[35m[39m
2023-02-15 20:52:24:5224 [35mhttp[39m: [35m::1 POST /post/ 400 2 - 37.559 ms[39m
[35m[39m
2023-02-15 20:53:58:5358 [35mhttp[39m: [35m::1 POST /post/ 400 2 - 44.707 ms[39m
[35m[39m
2023-02-15 20:55:13:5513 [35mhttp[39m: [35m::1 POST /post/ 400 2 - 73.792 ms[39m
[35m[39m
2023-02-15 20:57:12:5712 [35mhttp[39m: [35m::1 POST /post/ 201 450 - 45.443 ms[39m
[35m[39m
2023-02-15 21:38:36:3836 [35mhttp[39m: [35m::1 POST /post/ 201 450 - 62.769 ms[39m
[35m[39m
2023-02-15 21:39:07:397 [35mhttp[39m: [35m::1 POST /post/ 201 450 - 61.559 ms[39m
[35m[39m
2023-02-15 21:39:37:3937 [35mhttp[39m: [35m::1 POST /post/ 201 450 - 54.072 ms[39m
[35m[39m
2023-02-15 21:41:27:4127 [35mhttp[39m: [35m::1 POST /post/ 201 450 - 24.106 ms[39m
[35m[39m
2023-02-15 21:42:23:4223 [35mhttp[39m: [35m::1 POST /post/ 201 450 - 65.795 ms[39m
[35m[39m
2023-02-15 21:43:27:4327 [35mhttp[39m: [35m::1 POST /post/ 201 450 - 59.555 ms[39m
[35m[39m
2023-02-15 21:47:25:4725 [35mhttp[39m: [35m::1 POST /post/ 201 450 - 84.237 ms[39m
[35m[39m
2023-02-15 21:57:30:5730 [35mhttp[39m: [35m::1 POST /post/ 201 450 - 60.157 ms[39m
[35m[39m
2023-02-15 21:58:41:5841 [35mhttp[39m: [35m::1 POST /post/ 201 450 - 66.220 ms[39m
[35m[39m
2023-02-15 22:19:31:1931 [35mhttp[39m: [35m::1 POST /post/ 201 450 - 49.599 ms[39m
[35m[39m
2023-02-15 22:20:41:2041 [35mhttp[39m: [35m::1 POST /post/ 201 450 - 74.926 ms[39m
[35m[39m
2023-02-15 22:21:36:2136 [35mhttp[39m: [35m::1 POST /post/ 201 450 - 71.428 ms[39m
[35m[39m
2023-02-15 22:22:24:2224 [35mhttp[39m: [35m::1 POST /post/ 201 450 - 73.706 ms[39m
[35m[39m
2023-02-16 14:32:25:3225 [35mhttp[39m: [35m::1 POST /post/ 201 450 - 75.600 ms[39m
[35m[39m
2023-02-16 14:40:09:409 [35mhttp[39m: [35m::1 POST /post/ 201 450 - 80.260 ms[39m
[35m[39m
2023-02-16 14:42:33:4233 [35mhttp[39m: [35m::1 POST /post/ 201 593 - 150.371 ms[39m
[35m[39m
2023-02-16 15:11:39:1139 [35mhttp[39m: [35m::1 GET /post/63ee16a9b63a39c9ad499419 500 24 - 24.952 ms[39m
[35m[39m
2023-02-16 15:12:40:1240 [35mhttp[39m: [35m::1 GET /post/63ee16a9b63a39c9ad499419 200 593 - 78.871 ms[39m
[35m[39m
2023-02-16 16:27:23:2723 [35mhttp[39m: [35m::1 GET /account/usernames 200 106 - 18.120 ms[39m
[35m[39m
2023-02-16 16:30:15:3015 [35mhttp[39m: [35m::1 GET /account/usernames 200 172 - 5.305 ms[39m
[35m[39m
2023-02-16 16:30:55:3055 [35mhttp[39m: [35m::1 GET /account/usernames 200 34 - 21.085 ms[39m
[35m[39m
2023-02-16 16:35:46:3546 [35mhttp[39m: [35m::1 GET /account/usernames 304 - - 9.522 ms[39m
[35m[39m
2023-02-16 16:35:59:3559 [35mhttp[39m: [35m::1 GET /account/usernames/m 404 30 - 0.624 ms[39m
[35m[39m
2023-02-16 16:36:18:3618 [35mhttp[39m: [35m::1 GET /account/usernames/m 200 10 - 17.188 ms[39m
[35m[39m
2023-02-16 16:36:22:3622 [35mhttp[39m: [35m::1 GET /account/usernames/ 404 30 - 5.885 ms[39m
[35m[39m
2023-02-16 16:36:39:3639 [35mhttp[39m: [35m::1 GET /account/usernames/l 200 10 - 3.436 ms[39m
[35m[39m
2023-02-16 16:36:44:3644 [35mhttp[39m: [35m::1 GET /account/usernames/k 200 16 - 5.495 ms[39m
[35m[39m
2023-02-16 16:36:57:3657 [35mhttp[39m: [35m::1 GET /account/usernames/kenny 200 16 - 4.521 ms[39m
[35m[39m
2023-02-16 17:00:05:05 [35mhttp[39m: [35m::1 PATCH /post/63ee16a9b63a39c9ad499419 200 395 - 43.492 ms[39m
[35m[39m
2023-02-16 17:00:44:044 [35mhttp[39m: [35m::1 PATCH /post/63ee16a9b63a39c9ad499419 403 54 - 29.397 ms[39m
[35m[39m
2023-02-16 17:00:59:059 [35mhttp[39m: [35m::1 PATCH /post/63ee16a9b63a39c9ad499419 200 412 - 22.531 ms[39m
[35m[39m
2023-02-16 17:01:09:19 [35mhttp[39m: [35m::1 PATCH /post/63ee16a9b63a39c9ad499419 401 33 - 3.194 ms[39m
[35m[39m
2023-02-16 17:01:24:124 [35mhttp[39m: [35m::1 PATCH /post/63ee16a9b63a39c9ad499419 200 412 - 15.486 ms[39m
[35m[39m
2023-02-16 17:07:28:728 [35mhttp[39m: [35m::1 PATCH /post/63ee16a9b63a39c9ad49941 500 295 - 47.201 ms[39m
[35m[39m
2023-02-16 17:08:43:843 [35mhttp[39m: [35m::1 PATCH /post/63ee16a9b63a39c9ad49941 500 295 - 32.868 ms[39m
[35m[39m
2023-02-16 17:09:27:927 [35mhttp[39m: [35m::1 PATCH /post/63ee16a9b63a39c9ad49941 500 295 - 27.392 ms[39m
[35m[39m
2023-02-16 17:10:37:1037 [35mhttp[39m: [35m::1 PATCH /post/63ee16a9b63a39c9ad499419 200 412 - 29.361 ms[39m
[35m[39m
2023-02-16 17:12:08:128 [35mhttp[39m: [35m::1 PATCH /post/63ee16a9b63a39c9ad49941 500 122 - 36.052 ms[39m
[35m[39m
2023-02-16 17:13:00:130 [35mhttp[39m: [35m::1 PATCH /post/63ee16a9b63a39c9ad49941 500 122 - 27.237 ms[39m
[35m[39m
2023-02-16 17:39:27:3927 [35mhttp[39m: [35m::1 PATCH /post/63ee16a9b63a39c9ad49941 500 122 - 52.488 ms[39m
[35m[39m
2023-02-16 17:47:36:4736 [35mhttp[39m: [35m::1 POST /post/ 201 274 - 46.356 ms[39m
[35m[39m
2023-02-16 18:02:16:216 [35mhttp[39m: [35m::1 PATCH /post/63ee16a9b63a39c9ad499419 200 412 - 16.317 ms[39m
[35m[39m
2023-02-16 18:16:50:1650 [35mhttp[39m: [35m::1 POST /account/login 401 33 - 3.546 ms[39m
[35m[39m
2023-02-16 18:17:00:170 [35mhttp[39m: [35m::1 POST /account/login 500 12 - 35.032 ms[39m
[35m[39m
2023-02-16 18:18:09:189 [35mhttp[39m: [35m::1 POST /account/login 500 12 - 6.804 ms[39m
[35m[39m
2023-02-16 18:19:07:197 [35mhttp[39m: [35m::1 POST /account/login 500 12 - 58.580 ms[39m
[35m[39m
2023-02-16 18:21:13:2113 [35mhttp[39m: [35m::1 POST /account/login 200 586 - 241.696 ms[39m
[35m[39m
2023-02-16 18:41:03:413 [35mhttp[39m: [35m::1 POST /account/image-upload/cover-picture 200 586 - 33.699 ms[39m
[35m[39m
2023-02-17 09:19:37:1937 [35mhttp[39m: [35m::1 GET /account/public/63ec6fb40f74a1be9ed87a2e 200 100 - 21.550 ms[39m
[35m[39m
2023-02-17 09:26:17:2617 [35mhttp[39m: [35m::1 POST /post/ 401 33 - 43.770 ms[39m
[35m[39m
2023-02-17 09:27:16:2716 [35mhttp[39m: [35m::1 POST /post/ 401 33 - 41.325 ms[39m
[35m[39m
2023-02-17 09:30:40:3040 [35mhttp[39m: [35m::1 POST /post/ 401 33 - 41.607 ms[39m
[35m[39m
2023-02-17 09:31:11:3111 [35mhttp[39m: [35m::1 POST /post/ 201 276 - 55.226 ms[39m
[35m[39m
2023-02-17 10:32:09:329 [35mhttp[39m: [35m::1 GET /favicon.ico 404 30 - 0.536 ms[39m
[35m[39m
2023-02-17 10:40:49:4049 [35mhttp[39m: [35m::1 GET /account/login/63ec6fb40f74a1be9ed87a2e 200 719 - 14.090 ms[39m
[35m[39m
2023-02-17 11:04:24:424 [35mhttp[39m: [35m::1 GET /post/delete 500 234 - 7.043 ms[39m
[35m[39m
2023-02-17 11:05:42:542 [35mhttp[39m: [35m::1 GET /post/delete 500 234 - 11.709 ms[39m
[35m[39m
2023-02-17 11:06:26:626 [35mhttp[39m: [35m::1 GET /post/delete 500 234 - 8.772 ms[39m
[35m[39m
2023-02-17 11:06:59:659 [35mhttp[39m: [35m::1 GET /post/delete 500 234 - 16.774 ms[39m
[35m[39m
2023-02-17 11:08:17:817 [35mhttp[39m: [35m::1 DELETE /post/delete 404 30 - 0.774 ms[39m
[35m[39m
2023-02-17 11:09:17:917 [35mhttp[39m: [35m::1 DELETE /post/ 200 412 - 37.827 ms[39m
[35m[39m
2023-02-17 11:09:56:956 [35mhttp[39m: [35m::1 DELETE /post/ 404 - - 5.777 ms[39m
[35m[39m
2023-02-17 11:12:16:1216 [35mhttp[39m: [35m::1 DELETE /post/ 200 323 - 6.380 ms[39m
[35m[39m
2023-02-17 11:17:00:170 [35mhttp[39m: [35m::1 GET /post/view/63ef1f2ff7bf5b8b1f56c603 404 30 - 0.527 ms[39m
[35m[39m
2023-02-17 11:17:24:1724 [35mhttp[39m: [35m::1 POST /post/view/63ef1f2ff7bf5b8b1f56c603 200 325 - 20.026 ms[39m
[35m[39m
2023-02-17 11:17:28:1728 [35mhttp[39m: [35m::1 POST /post/view/63ef1f2ff7bf5b8b1f56c603 200 325 - 11.307 ms[39m
[35m[39m
2023-02-17 11:31:03:313 [35mhttp[39m: [35m::1 POST /post/like 500 12 - 47.388 ms[39m
[35m[39m
2023-02-17 11:31:30:3130 [35mhttp[39m: [35m::1 POST /post/like 500 12 - 30.029 ms[39m
[35m[39m
2023-02-17 11:33:08:338 [35mhttp[39m: [35m::1 POST /post/like 500 12 - 32.960 ms[39m
[35m[39m
2023-02-17 11:37:08:378 [35mhttp[39m: [35m::1 POST /post/like 200 351 - 45.342 ms[39m
[35m[39m
2023-02-17 11:39:02:392 [35mhttp[39m: [35m::1 POST /post/like 200 378 - 13.550 ms[39m
[35m[39m
2023-02-17 11:39:19:3919 [35mhttp[39m: [35m::1 POST /post/like 200 405 - 11.371 ms[39m
[35m[39m
2023-02-17 11:42:10:4210 [35mhttp[39m: [35m::1 POST /post/like 200 432 - 43.304 ms[39m
[35m[39m
2023-02-17 11:42:43:4243 [35mhttp[39m: [35m::1 POST /post/like 200 459 - 54.303 ms[39m
[35m[39m
2023-02-17 11:44:33:4433 [35mhttp[39m: [35m::1 POST /post/like 200 378 - 46.204 ms[39m
[35m[39m
2023-02-17 11:44:52:4452 [35mhttp[39m: [35m::1 POST /post/like 200 378 - 14.794 ms[39m
[35m[39m
2023-02-17 11:46:07:467 [35mhttp[39m: [35m::1 POST /post/like 200 378 - 42.570 ms[39m
[35m[39m
2023-02-17 11:48:09:489 [35mhttp[39m: [35m::1 POST /post/like 200 352 - 45.649 ms[39m
[35m[39m
2023-02-17 12:08:46:846 [35mhttp[39m: [35m::1 POST /post/like 200 352 - 39.148 ms[39m
[35m[39m
2023-02-17 12:08:49:849 [35mhttp[39m: [35m::1 POST /post/like 200 352 - 15.326 ms[39m
[35m[39m
2023-02-17 12:10:24:1024 [35mhttp[39m: [35m::1 POST /post/like 200 352 - 38.759 ms[39m
[35m[39m
2023-02-17 12:12:29:1229 [35mhttp[39m: [35m::1 POST /post/like 200 352 - 41.288 ms[39m
[35m[39m
2023-02-17 12:14:36:1436 [35mhttp[39m: [35m::1 POST /post/like 200 326 - 42.349 ms[39m
[35m[39m
2023-02-17 12:14:39:1439 [35mhttp[39m: [35m::1 POST /post/like 200 352 - 13.456 ms[39m
[35m[39m
2023-02-17 12:16:12:1612 [35mhttp[39m: [35m::1 GET /account/all 403 31 - 6.522 ms[39m
[35m[39m
2023-02-17 12:16:12:1612 [35mhttp[39m: [35m::1 GET /favicon.ico 404 30 - 0.303 ms[39m
[35m[39m
2023-02-17 12:16:23:1623 [35mhttp[39m: [35m::1 GET /account/public/63ec6fb40f74a1be9ed87a2e 304 - - 7.322 ms[39m
[35m[39m
2023-02-17 12:19:00:190 [35mhttp[39m: [35m::1 POST /post/like 200 12 - 39.791 ms[39m
[35m[39m
2023-02-17 12:19:02:192 [35mhttp[39m: [35m::1 POST /post/like 200 38 - 13.498 ms[39m
[35m[39m
2023-02-17 12:19:59:1959 [35mhttp[39m: [35m::1 GET /account/public/63ec6fb40f74a1be9ed87a2e 200 162 - 7.463 ms[39m
[35m[39m
2023-02-17 14:56:07:567 [35mhttp[39m: [35m::1 POST /account/logout 200 37 - 23.717 ms[39m
[35m[39m
2023-02-17 15:20:31:2031 [35mhttp[39m: [35m::1 GET / 200 46 - 0.558 ms[39m
[35m[39m
2023-02-17 15:37:50:3750 [35mhttp[39m: [35m::1 GET /account/id/63ec6fb40f74a1be9ed87a2e 403 32 - 0.993 ms[39m
[35m[39m
2023-02-17 15:38:05:385 [35mhttp[39m: [35m::1 GET /account/id/63ec6fb40f74a1be9ed87a2e 401 33 - 28.020 ms[39m
[35m[39m
2023-02-17 15:38:37:3837 [35mhttp[39m: [35m::1 GET /account/id/63ec6fb40f74a1be9ed87a2e 200 582 - 19.198 ms[39m
[35m[39m
2023-02-17 15:43:51:4351 [35mhttp[39m: [35m::1 GET /post/id/63ef1f2ff7bf5b8b1f56c603 404 30 - 1.364 ms[39m
[35m[39m
2023-02-17 15:44:23:4423 [35mhttp[39m: [35m::1 GET /post/63ef1f2ff7bf5b8b1f56c603 200 352 - 9.354 ms[39m
[35m[39m
2023-02-17 16:18:59:1859 [35mhttp[39m: [35m::1 POST /post/ 400 31 - 7.450 ms[39m
[35m[39m
2023-02-17 16:20:06:206 [35mhttp[39m: [35m::1 POST /post/ 201 264 - 62.480 ms[39m
[35m[39m
2023-02-17 16:20:31:2031 [35mhttp[39m: [35m::1 GET /account/all 403 31 - 2.400 ms[39m
[35m[39m
2023-02-17 16:20:41:2041 [35mhttp[39m: [35m::1 GET /post/63ef7f060923aa2449ccbc67 200 361 - 11.420 ms[39m
[35m[39m
2023-02-17 16:58:28:5828 [35mhttp[39m: [35m::1 DELETE /post/ 200 361 - 15.264 ms[39m
[35m[39m
2023-02-17 17:06:19:619 [35mhttp[39m: [35m::1 POST /post/like 200 38 - 30.389 ms[39m
[35m[39m
2023-02-17 17:06:22:622 [35mhttp[39m: [35m::1 POST /post/like 200 12 - 45.265 ms[39m
[35m[39m
2023-02-17 17:06:23:623 [35mhttp[39m: [35m::1 POST /post/like 200 38 - 21.337 ms[39m
[35m[39m
2023-02-17 17:07:35:735 [35mhttp[39m: [35m::1 POST /post/like 200 12 - 101.214 ms[39m
[35m[39m
2023-02-17 17:07:36:736 [35mhttp[39m: [35m::1 POST /post/like 200 38 - 21.575 ms[39m
[35m[39m
2023-02-17 17:08:14:814 [35mhttp[39m: [35m::1 POST /post/like 200 12 - 29.330 ms[39m
[35m[39m
2023-02-17 17:08:46:846 [35mhttp[39m: [35m::1 POST /post/like 200 38 - 46.713 ms[39m
[35m[39m
2023-02-17 17:09:02:92 [35mhttp[39m: [35m::1 POST /post/like 500 298 - 8.833 ms[39m
[35m[39m
2023-02-18 14:02:13:213 [35mhttp[39m: [35m::1 POST /post/ 200 4 - 23.915 ms[39m
[35m[39m
2023-02-18 14:02:53:253 [35mhttp[39m: [35m::1 POST /post/ 200 4 - 7.443 ms[39m
[35m[39m
2023-02-18 14:05:58:558 [35mhttp[39m: [35m::1 POST /post/ 200 4 - 29.485 ms[39m
[35m[39m
2023-02-18 14:07:13:713 [35mhttp[39m: [35m::1 POST /post/ 200 4 - 26.334 ms[39m
[35m[39m
2023-02-18 14:13:29:1329 [35mhttp[39m: [35m::1 POST /post/ 200 4 - 29.943 ms[39m
[35m[39m
2023-02-18 14:14:56:1456 [35mhttp[39m: [35m::1 POST /post/ 200 4 - 33.957 ms[39m
[35m[39m
2023-02-18 14:16:50:1650 [35mhttp[39m: [35m::1 POST /post/ 200 4 - 24.329 ms[39m
[35m[39m
2023-02-18 14:18:24:1824 [35mhttp[39m: [35m::1 POST /post/ 200 4 - 29.623 ms[39m
[35m[39m
2023-02-18 14:32:58:3258 [35mhttp[39m: [35m::1 POST /post/ 200 4 - 24.502 ms[39m
[35m[39m
2023-02-18 14:33:58:3358 [35mhttp[39m: [35m::1 POST /post/ 200 280 - 71.403 ms[39m
[35m[39m
2023-02-18 14:51:05:515 [35mhttp[39m: [35m::1 POST /post/share 500 2 - 74.178 ms[39m
[35m[39m
2023-02-18 14:59:47:5947 [35mhttp[39m: [35m::1 POST /post/share 500 2 - 115.500 ms[39m
[35m[39m
2023-02-18 15:01:07:17 [35mhttp[39m: [35m::1 POST /post/share 500 2 - 32.042 ms[39m
[35m[39m
2023-02-18 15:03:57:357 [35mhttp[39m: [35m::1 POST /post/share 500 2 - 51.532 ms[39m
[35m[39m
2023-02-18 15:05:22:522 [35mhttp[39m: [35m::1 POST /post/share 400 31 - 42.252 ms[39m
[35m[39m
2023-02-18 15:06:17:617 [35mhttp[39m: [35m::1 POST /post/share 200 274 - 62.722 ms[39m
[35m[39m
2023-02-18 15:07:52:752 [35mhttp[39m: [35m::1 POST /post/share 200 274 - 26.846 ms[39m
[35m[39m
2023-02-18 15:08:40:840 [35mhttp[39m: [35m::1 POST /post/share 200 237 - 73.325 ms[39m
[35m[39m
2023-02-18 15:57:46:5746 [35mhttp[39m: [35m::1 DELETE /post/ 200 26 - 47.483 ms[39m
[35m[39m
2023-02-18 15:58:38:5838 [35mhttp[39m: [35m::1 DELETE /post/ 500 2 - 59.721 ms[39m
[35m[39m
2023-02-18 15:59:16:5916 [35mhttp[39m: [35m::1 DELETE /post/ 404 - - 10.360 ms[39m
[35m[39m
2023-02-18 15:59:56:5956 [35mhttp[39m: [35m::1 DELETE /post/ 500 2 - 49.689 ms[39m
[35m[39m
2023-02-18 16:01:34:134 [35mhttp[39m: [35m::1 DELETE /post/ 500 2 - 64.505 ms[39m
[35m[39m
2023-02-18 16:02:47:247 [35mhttp[39m: [35m::1 DELETE /post/ 200 26 - 70.743 ms[39m
[35m[39m
2023-02-18 16:11:28:1128 [35mhttp[39m: [35m::1 POST /post/ 200 4 - 37.423 ms[39m
[35m[39m
2023-02-18 16:11:50:1150 [35mhttp[39m: [35m::1 POST /post/ 200 268 - 85.390 ms[39m
[35m[39m
2023-02-19 00:02:11:211 [35mhttp[39m: [35m::1 GET /post/63ef7f060923aa2449ccbc67 404 - - 19.888 ms[39m
[35m[39m
2023-02-19 00:02:33:233 [35mhttp[39m: [35m::1 GET /post/63ef7f060923aa2449ccbc67 404 - - 4.289 ms[39m
[35m[39m
2023-02-19 00:23:11:2311 [35mhttp[39m: [35m::1 POST /post/share 500 2 - 73.448 ms[39m
[35m[39m
2023-02-19 00:24:43:2443 [35mhttp[39m: [35m::1 POST /post/share 500 2 - 95.367 ms[39m
[35m[39m
2023-02-19 00:25:55:2555 [35mhttp[39m: [35m::1 POST /post/share 200 575 - 96.102 ms[39m
[35m[39m
2023-02-19 00:29:16:2916 [35mhttp[39m: [35m::1 POST /post/share 200 274 - 87.351 ms[39m
[35m[39m
2023-02-19 00:34:33:3433 [35mhttp[39m: [35m::1 DELETE /post/share 500 12 - 26.205 ms[39m
[35m[39m
2023-02-19 00:35:38:3538 [35mhttp[39m: [35m::1 DELETE /post/share 200 46 - 62.391 ms[39m
[35m[39m
2023-02-19 00:36:32:3632 [35mhttp[39m: [35m::1 DELETE /post/share 200 46 - 11.137 ms[39m
[35m[39m
2023-02-19 00:42:14:4214 [35mhttp[39m: [35m::1 POST /post/share 200 274 - 81.925 ms[39m
[35m[39m
2023-02-19 11:50:09:509 [35mhttp[39m: [35m::1 POST /post/comment 200 199 - 68.982 ms[39m
[35m[39m
2023-02-19 13:17:04:174 [35mhttp[39m: [35m::1 DELETE /post/comment 200 42 - 114.848 ms[39m
[35m[39m
2023-02-19 16:57:55:5755 [35mhttp[39m: [35m::1 GET /post/all 500 225 - 26.204 ms[39m
[35m[39m
2023-02-19 16:58:16:5816 [35mhttp[39m: [35m::1 GET /account/all 200 1308 - 43.320 ms[39m
[35m[39m
2023-02-26 18:59:39:5939 [35mhttp[39m: [35m::1 GET /house/houseInfo 200 5868 - 9.372 ms[39m
[35m[39m
2023-02-26 18:59:39:5939 [35mhttp[39m: [35m::1 GET /favicon.ico 404 30 - 1.424 ms[39m
[35m[39m
2023-02-26 19:01:23:123 [35mhttp[39m: [35m::1 GET /house/houseInfo 200 - - 4.621 ms[39m
[35m[39m
2023-02-26 19:01:58:158 [35mhttp[39m: [35m::1 GET /house/houseInfo 200 6124 - 4.151 ms[39m
[35m[39m
2023-02-26 19:02:15:215 [35mhttp[39m: [35m::1 GET /house/houseInfo 200 5868 - 4.563 ms[39m
[35m[39m
2023-02-26 19:12:24:1224 [35mhttp[39m: [35m::1 POST /house/ 500 675 - 34.400 ms[39m
[35m[39m
2023-02-26 19:13:30:1330 [35mhttp[39m: [35m::1 POST /house/ 500 34 - 182.470 ms[39m
[35m[39m
2023-02-26 19:15:08:158 [35mhttp[39m: [35m::1 POST /house/ 201 996 - 159.675 ms[39m
[35m[39m
2023-02-26 19:20:15:2015 [35mhttp[39m: [35m::1 POST /house/ 201 996 - 94.368 ms[39m
[35m[39m
2023-02-26 19:21:03:213 [35mhttp[39m: [35m::1 POST /house/ 201 1002 - 116.229 ms[39m
[35m[39m
2023-07-15 15:10:12:1012 [35mhttp[39m: [35m::ffff:127.0.0.1 GET / 200 46 - 8.097 ms[39m
[35m[39m
2023-07-15 15:10:12:1012 [35mhttp[39m: [35m::ffff:127.0.0.1 GET /favicon.ico 404 30 - 1.796 ms[39m
[35m[39m
2023-09-28 09:48:14:4814 [35mhttp[39m: [35m::ffff:127.0.0.1 GET / 200 46 - 6.746 ms[39m
[35m[39m
2023-09-28 09:48:15:4815 [35mhttp[39m: [35m::ffff:127.0.0.1 GET /favicon.ico 404 54 - 1.433 ms[39m
[35m[39m
2023-09-28 09:48:23:4823 [35mhttp[39m: [35m::ffff:127.0.0.1 GET /a 404 54 - 1.004 ms[39m
[35m[39m
2023-09-28 09:50:39:5039 [35mhttp[39m: [35m::ffff:127.0.0.1 GET /a 404 54 - 9.644 ms[39m
[35m[39m
2023-09-28 09:50:57:5057 [35mhttp[39m: [35m::1 GET /a 404 41 - 2.166 ms[39m
[35m[39m
2023-09-28 09:50:57:5057 [35mhttp[39m: [35m::1 GET /favicon.ico 404 41 - 0.656 ms[39m
[35m[39m
2023-09-28 09:53:23:5323 [35mhttp[39m: [35m::ffff:192.168.4.200 GET /a 404 58 - 0.465 ms[39m
[35m[39m
2023-09-28 09:53:24:5324 [35mhttp[39m: [35m::ffff:192.168.4.200 GET /favicon.ico 404 58 - 0.288 ms[39m
[35m[39m
2023-09-28 13:48:00:480 [35mhttp[39m: [35m::ffff:127.0.0.1 GET /favicon.ico 404 54 - 6.980 ms[39m
[35m[39m
2023-09-28 14:32:13:3213 [35mhttp[39m: [35m::ffff:192.168.4.200 GET /a 404 58 - 3.131 ms[39m
[35m[39m
2023-09-28 14:32:20:3220 [35mhttp[39m: [35m::ffff:192.168.4.200 GET /a 404 58 - 0.529 ms[39m
[35m[39m
